<?xml version="1.0" encoding="UTF-8"?>
<!-- Generated by org.testng.reporters.JUnitXMLReporter -->
<testsuite ignored="0" hostname="DESKTOP-G8INAF0" failures="0" tests="8" name="Default test" time="79.75" errors="0" timestamp="2026-08-20T17:01:27 IST">
  <testcase classname="Tests.AutomationPracticeTest" name="radioButtonTest" time="0.227"/>
  <testcase classname="Tests.AutomationPracticeTest" name="selectOption1" time="0.306"/>
  <testcase classname="Tests.AutomationPracticeTest" name="checkboxSelection" time="0.295"/>
  <testcase classname="Tests.AutomationPracticeTest" name="switchWindow" time="6.363"/>
  <testcase classname="Tests.AutomationPracticeTest" name="switchTab" time="2.277"/>
  <testcase classname="Tests.AutomationPracticeTest" name="alertHandling" time="0.408"/>
  <testcase classname="Tests.AutomationPracticeTest" name="mouseHoverTest" time="15.909"/>
  <testcase classname="Tests.AutomationPracticeTest" name="iframeTest" time="18.418"/>
</testsuite> <!-- Default test -->
