<?xml version="1.0" encoding="UTF-8"?>
<testng-results ignored="0" total="1" passed="1" failed="0" skipped="0">
  <reporter-output>
  </reporter-output>
  <suite started-at="2026-07-31T16:24:09 IST" name="Default suite" finished-at="2026-07-31T16:24:41 IST" duration-ms="31899">
    <groups>
    </groups>
    <test started-at="2026-07-31T16:24:09 IST" name="Default test" finished-at="2026-07-31T16:24:41 IST" duration-ms="31899">
      <class name="Task1.testautomation">
        <test-method is-config="true" signature="setup()[pri:0, instance:Task1.testautomation@54d9d12d]" started-at="2026-07-31T16:24:09 IST" name="setup" finished-at="2026-07-31T16:24:37 IST" duration-ms="27197" status="PASS">
          <reporter-output>
          </reporter-output>
        </test-method> <!-- setup -->
        <test-method signature="searchAppleIphone16Plus()[pri:0, instance:Task1.testautomation@54d9d12d]" started-at="2026-07-31T16:24:37 IST" name="searchAppleIphone16Plus" finished-at="2026-07-31T16:24:41 IST" duration-ms="4474" status="PASS">
          <reporter-output>
          </reporter-output>
        </test-method> <!-- searchAppleIphone16Plus -->
        <test-method is-config="true" signature="tearDown()[pri:0, instance:Task1.testautomation@54d9d12d]" started-at="2026-07-31T16:24:41 IST" name="tearDown" finished-at="2026-07-31T16:24:41 IST" duration-ms="173" status="PASS">
          <reporter-output>
          </reporter-output>
        </test-method> <!-- tearDown -->
      </class> <!-- Task1.testautomation -->
    </test> <!-- Default test -->
  </suite> <!-- Default suite -->
</testng-results>
