<?xml version="1.0" encoding="UTF-8"?>
<!-- Generated by org.testng.reporters.JUnitReportReporter -->
<testsuite hostname="DESKTOP-G8INAF0" failures="0" tests="8" name="Task1.Task3automation" time="54.855" errors="0" timestamp="2026-08-07T16:19:37 IST" skipped="0">
  <testcase classname="Task1.Task3automation" name="Radiobuttontest" time="0.218"/>
  <testcase classname="Task1.Task3automation" name="selectOption1" time="0.153"/>
  <testcase classname="Task1.Task3automation" name="checkboxselection" time="0.158"/>
  <testcase classname="Task1.Task3automation" name="SwitchWindow" time="3.233"/>
  <testcase classname="Task1.Task3automation" name="SwitchTab" time="2.163"/>
  <testcase classname="Task1.Task3automation" name="alert_Handling" time="0.305"/>
  <testcase classname="Task1.Task3automation" name="MouseHoverTest" time="27.304"/>
  <testcase classname="Task1.Task3automation" name="IframeTest" time="21.321"/>
</testsuite> <!-- Task1.Task3automation -->
