<?xml version="1.0" encoding="UTF-8"?>
<!-- Generated by org.testng.reporters.JUnitReportReporter -->
<testsuite hostname="DESKTOP-G8INAF0" failures="0" tests="8" name="Task1.Task3automation" time="54.926" errors="0" timestamp="2026-08-20T10:36:22 IST" skipped="0">
  <testcase classname="Task1.Task3automation" name="Radiobuttontest" time="0.224"/>
  <testcase classname="Task1.Task3automation" name="selectOption1" time="0.140"/>
  <testcase classname="Task1.Task3automation" name="checkboxselection" time="0.146"/>
  <testcase classname="Task1.Task3automation" name="SwitchWindow" time="3.252"/>
  <testcase classname="Task1.Task3automation" name="SwitchTab" time="2.165"/>
  <testcase classname="Task1.Task3automation" name="alert_Handling" time="0.319"/>
  <testcase classname="Task1.Task3automation" name="MouseHoverTest" time="27.403"/>
  <testcase classname="Task1.Task3automation" name="IframeTest" time="21.277"/>
</testsuite> <!-- Task1.Task3automation -->
