<?xml version="1.0" encoding="UTF-8"?>
<!-- Generated by org.testng.reporters.JUnitReportReporter -->
<testsuite hostname="DESKTOP-G8INAF0" failures="0" tests="8" name="Tests.AutomationPracticeTest" time="78.942" errors="0" timestamp="2026-08-20T16:11:00 IST" skipped="0">
  <testcase classname="Tests.AutomationPracticeTest" name="radioButtonTest" time="4.762"/>
  <testcase classname="Tests.AutomationPracticeTest" name="selectOption1" time="4.333"/>
  <testcase classname="Tests.AutomationPracticeTest" name="checkboxSelection" time="4.878"/>
  <testcase classname="Tests.AutomationPracticeTest" name="switchWindow" time="10.991"/>
  <testcase classname="Tests.AutomationPracticeTest" name="switchTab" time="6.671"/>
  <testcase classname="Tests.AutomationPracticeTest" name="alertHandling" time="4.380"/>
  <testcase classname="Tests.AutomationPracticeTest" name="mouseHoverTest" time="20.115"/>
  <testcase classname="Tests.AutomationPracticeTest" name="iframeTest" time="22.812"/>
</testsuite> <!-- Tests.AutomationPracticeTest -->
