<?xml version="1.0" encoding="UTF-8"?>
<!-- Generated by org.testng.reporters.JUnitReportReporter -->
<testsuite hostname="DESKTOP-G8INAF0" failures="0" tests="8" name="Tests.AutomationPracticeTest" time="79.689" errors="0" timestamp="2026-08-20T17:01:27 IST" skipped="0">
  <testcase classname="Tests.AutomationPracticeTest" name="radioButtonTest" time="4.634"/>
  <testcase classname="Tests.AutomationPracticeTest" name="selectOption1" time="4.835"/>
  <testcase classname="Tests.AutomationPracticeTest" name="checkboxSelection" time="4.885"/>
  <testcase classname="Tests.AutomationPracticeTest" name="switchWindow" time="11.161"/>
  <testcase classname="Tests.AutomationPracticeTest" name="switchTab" time="6.709"/>
  <testcase classname="Tests.AutomationPracticeTest" name="alertHandling" time="4.846"/>
  <testcase classname="Tests.AutomationPracticeTest" name="mouseHoverTest" time="20.216"/>
  <testcase classname="Tests.AutomationPracticeTest" name="iframeTest" time="22.403"/>
</testsuite> <!-- Tests.AutomationPracticeTest -->
